Arguments: 
  C:\Program Files\nodejs\node.exe C:\Users\bastian\AppData\Roaming\npm\node_modules\yarn\bin\yarn.js install

PATH: 
  C:\Program Files\Docker\Docker\Resources\bin;C:\Program Files (x86)\Intel\Intel(R) Management Engine Components\iCLS\;C:\Program Files\Intel\Intel(R) Management Engine Components\iCLS\;C:\WINDOWS\system32;C:\WINDOWS;C:\WINDOWS\System32\Wbem;C:\WINDOWS\System32\WindowsPowerShell\v1.0\;C:\Program Files (x86)\Intel\Intel(R) Management Engine Components\DAL;C:\Program Files\Intel\Intel(R) Management Engine Components\DAL;C:\Program Files (x86)\Intel\Intel(R) Management Engine Components\IPT;C:\Program Files\Intel\Intel(R) Management Engine Components\IPT;C:\Program Files\dotnet\;C:\Program Files\Microsoft SQL Server\130\Tools\Binn\;C:\Program Files\Git\cmd;C:\Program Files (x86)\NVIDIA Corporation\PhysX\Common;C:\ProgramData\chocolatey\bin;C:\Program Files\nodejs\;C:\Program Files\Amazon\AWSCLI\;C:\bin;C:\Program Files (x86)\GtkSharp\2.12\bin;C:\Users\bastian\AppData\Local\Programs\Python\Python36-32\Scripts\;C:\Users\bastian\AppData\Local\Programs\Python\Python36-32\;C:\Users\bastian\AppData\Local\Microsoft\WindowsApps;;C:\Program Files\Microsoft VS Code\bin;C:\Users\bastian\AppData\Roaming\npm

Yarn version: 
  1.5.1

Node version: 
  8.10.0

Platform: 
  win32 x64

npm manifest: 
  {
    "name": "aws-nodejs-typescript",
    "version": "1.0.0",
    "description": "Serverless webpack example using Typescript",
    "main": "handler.js",
    "scripts": {
      "test": "echo \"Error: no test specified\" && exit 1"
    },
    "devDependencies": {
      "@types/aws-lambda": "0.0.22",
      "@types/node": "^8.0.57",
      "serverless-webpack": "^4.0.0",
      "ts-loader": "^2.3.7",
      "typescript": "^2.5.2",
      "webpack": "^3.6.0"
    },
    "author": "The serverless webpack authors (https://github.com/elastic-coders/serverless-webpack)",
    "license": "MIT"
  }

yarn manifest: 
  No manifest

Lockfile: 
  No lockfile

Trace: 
  Error: Couldn't find package "archiver-utils@^1.3.0" required by "archiver@^2.0.0" on the "npm" registry.
      at new MessageError (C:\Users\bastian\AppData\Roaming\npm\node_modules\yarn\lib\cli.js:186:110)
      at PackageRequest.<anonymous> (C:\Users\bastian\AppData\Roaming\npm\node_modules\yarn\lib\cli.js:36274:17)
      at Generator.throw (<anonymous>)
      at step (C:\Users\bastian\AppData\Roaming\npm\node_modules\yarn\lib\cli.js:98:30)
      at C:\Users\bastian\AppData\Roaming\npm\node_modules\yarn\lib\cli.js:111:13
      at <anonymous>
      at process._tickCallback (internal/process/next_tick.js:188:7)
